<?xml version="1.0" encoding="UTF-8"?>
<!-- Generated by org.testng.reporters.JUnitReportReporter -->
<testsuite hostname="UrviDhruvs-MBP" failures="0" tests="1" name="Org.Mobile.Tests.ProductDetailsTests" time="9.458" errors="0" timestamp="2023-02-09T19:29:59 GST" skipped="0">
  <testcase classname="Org.Mobile.Tests.ProductDetailsTests" name="productsDetailsValidations" time="9.458"/>
  <system-out/>
</testsuite> <!-- Org.Mobile.Tests.ProductDetailsTests -->
