<?xml version="1.0" encoding="UTF-8"?>
<!-- Generated by org.testng.reporters.JUnitReportReporter -->
<testsuite hostname="UrviDhruvs-MBP" failures="0" tests="1" name="Org.Mobile.Tests.ProductsTests" time="17.950" errors="0" timestamp="2023-02-08T22:50:14 GST" skipped="0">
  <testcase classname="Org.Mobile.Tests.ProductsTests" name="productsValidations" time="17.950"/>
  <system-out/>
</testsuite> <!-- Org.Mobile.Tests.ProductsTests -->
