<?xml version="1.0" encoding="UTF-8"?>
<!-- Generated by org.testng.reporters.JUnitReportReporter -->
<testsuite hostname="UrviDhruvs-MBP" failures="0" tests="1" name="Org.Mobile.Tests.ProductsTests" time="20.262" errors="0" timestamp="2023-02-09T19:29:59 GST" skipped="0">
  <testcase classname="Org.Mobile.Tests.ProductsTests" name="productsValidations" time="20.262"/>
  <system-out/>
</testsuite> <!-- Org.Mobile.Tests.ProductsTests -->
