<?xml version="1.0" encoding="UTF-8"?>
<!-- Generated by org.testng.reporters.JUnitReportReporter -->
<testsuite hostname="UrviDhruvs-MBP" failures="0" tests="4" name="Org.Mobile.Tests.LoginTests" time="29.013" errors="0" timestamp="2023-02-09T19:29:59 GST" skipped="0">
  <testcase classname="Org.Mobile.Tests.LoginTests" name="lockedOutUserTests" time="6.038"/>
  <system-out/>
  <testcase classname="Org.Mobile.Tests.LoginTests" name="InvalidUserNameTests" time="6.496"/>
  <system-out/>
  <testcase classname="Org.Mobile.Tests.LoginTests" name="invalidPasswordTests" time="5.953"/>
  <system-out/>
  <testcase classname="Org.Mobile.Tests.LoginTests" name="successfulLoginTests" time="10.526"/>
  <system-out/>
</testsuite> <!-- Org.Mobile.Tests.LoginTests -->
