<?xml version="1.0" encoding="UTF-8"?>
<!-- Generated by org.testng.reporters.JUnitReportReporter -->
<testsuite hostname="UrviDhruvs-MBP" failures="0" tests="4" name="Org.Mobile.Tests.LoginTests" time="26.928" errors="0" timestamp="2023-02-08T22:50:14 GST" skipped="0">
  <testcase classname="Org.Mobile.Tests.LoginTests" name="invalidPasswordTests" time="6.061"/>
  <system-out/>
  <testcase classname="Org.Mobile.Tests.LoginTests" name="lockedOutUserTests" time="6.506"/>
  <system-out/>
  <testcase classname="Org.Mobile.Tests.LoginTests" name="InvalidUserNameTests" time="5.876"/>
  <system-out/>
  <testcase classname="Org.Mobile.Tests.LoginTests" name="successfulLoginTests" time="8.485"/>
  <system-out/>
</testsuite> <!-- Org.Mobile.Tests.LoginTests -->
